
Showing logs for build [32mcb-kubecd-environment-pr-1207-2-zwndq-1[0m stage [32mfrom-build-pack[0m and container [32mstep-credential-initializer-7nrqb[0m
{"level":"warn","ts":1581635070.6479979,"logger":"fallback-logger","caller":"logging/config.go:69","msg":"Fetch GitHub commit ID from kodata failed: \"ref: refs/heads/0.8.0-**-support-backwards-incompats\" is not a valid GitHub commit ID"}
{"level":"info","ts":1581635070.6489398,"logger":"fallback-logger","caller":"creds-init/main.go:40","msg":"Credentials initialized."}

Showing logs for build [32mcb-kubecd-environment-pr-1207-2-zwndq-1[0m stage [32mfrom-build-pack[0m and container [32mstep-working-dir-initializer-mntfd[0m
{"level":"warn","ts":1581635071.312159,"logger":"fallback-logger","caller":"logging/config.go:69","msg":"Fetch GitHub commit ID from kodata failed: open /var/run/ko/HEAD: no such file or directory"}
{"level":"info","ts":1581635071.3140552,"logger":"fallback-logger","caller":"bash/main.go:64","msg":"Successfully executed command \"sh -c mkdir -p /workspace/source\"; output "}

Showing logs for build [32mcb-kubecd-environment-pr-1207-2-zwndq-1[0m stage [32mfrom-build-pack[0m and container [32mstep-place-tools[0m

Showing logs for build [32mcb-kubecd-environment-pr-1207-2-zwndq-1[0m stage [32mfrom-build-pack[0m and container [32mstep-git-source-cb-kubecd-environment-pr-1207-2-zwndq-sjrhx[0m
{"level":"warn","ts":1581635076.5744772,"logger":"fallback-logger","caller":"logging/config.go:69","msg":"Fetch GitHub commit ID from kodata failed: \"ref: refs/heads/0.8.0-**-support-backwards-incompats\" is not a valid GitHub commit ID"}
{"level":"info","ts":1581635077.6443083,"logger":"fallback-logger","caller":"git/git.go:103","msg":"Successfully cloned https://github.com/cb-kubecd/environment-pr-1207-2-bdd-frontend-staging.git @ master in path /workspace/source"}

Showing logs for build [32mcb-kubecd-environment-pr-1207-2-zwndq-1[0m stage [32mfrom-build-pack[0m and container [32mstep-git-merge[0m
Using SHAs from PULL_REFS=master:b76be0984997a3f8aa7529a80395b7d61693cbb2,1:d11b69b644aec6e514307c22a82d93a01de5a7a8
DEBUG: LC_ALL=C JX_LOG_LEVEL=error git fetch origin --unshallow d11b69b644aec6e514307c22a82d93a01de5a7a8: b76be0984997a3f8aa7529a80395b7d61693cbb2:
DEBUG: ran git fetch --unshallow origin d11b69b644aec6e514307c22a82d93a01de5a7a8: b76be0984997a3f8aa7529a80395b7d61693cbb2: in 
DEBUG: LC_ALL=C JX_LOG_LEVEL=error git branch
DEBUG: LC_ALL=C JX_LOG_LEVEL=error git checkout master
DEBUG: ran git checkout master in 
DEBUG: LC_ALL=C JX_LOG_LEVEL=error git reset --hard b76be0984997a3f8aa7529a80395b7d61693cbb2
DEBUG: ran git reset --hard b76be0984997a3f8aa7529a80395b7d61693cbb2 in 
DEBUG: JX_LOG_LEVEL=error LC_ALL=C git clean -fd .
DEBUG: ran clean --force -d . in 
DEBUG: JX_LOG_LEVEL=error LC_ALL=C git merge d11b69b644aec6e514307c22a82d93a01de5a7a8
DEBUG: ran git merge d11b69b644aec6e514307c22a82d93a01de5a7a8 in 
DEBUG: LC_ALL=C JX_LOG_LEVEL=error git log --format=%H%x1f%an%x1f%ae%x1f%cn%x1f%ce%x1f%s%n%b%x1e b76be0984997a3f8aa7529a80395b7d61693cbb2..HEAD
Merged SHA d11b69b644aec6e514307c22a82d93a01de5a7a8 with commit message 'chore: Promote bdd-nh-1581634248 to version 0.0.1' into base branch master

Showing logs for build [32mcb-kubecd-environment-pr-1207-2-zwndq-1[0m stage [32mfrom-build-pack[0m and container [32mstep-build-helm-build[0m
WARNING: No $CHART_REPOSITORY defined so using the default value of: http://jenkins-x-chartmuseum:8080
Adding missing Helm repo: storage.googleapis.com https://storage.googleapis.com/chartmuseum.jenkins-x.io
WARNING: No secrets found on "helm/repos" due: reading the secret "helm/repos" from vault: no secret "helm/repos" not found in vault
Read credentials for https://storage.googleapis.com/chartmuseum.jenkins-x.io from vault helm/repos
Successfully added Helm repository storage.googleapis.com.
Adding missing Helm repo: jenkins-x-chartmuseum http://jenkins-x-chartmuseum:8080
WARNING: No secrets found on "helm/repos" due: reading the secret "helm/repos" from vault: no secret "helm/repos" not found in vault
Read credentials for http://jenkins-x-chartmuseum:8080 from vault helm/repos
Successfully added Helm repository jenkins-x-chartmuseum.
WARNING: No $CHART_REPOSITORY defined so using the default value of: http://jenkins-x-chartmuseum:8080
Adding missing Helm repo: chartmuseum.jenkins-x.io http://chartmuseum.jenkins-x.io
WARNING: No secrets found on "helm/repos" due: reading the secret "helm/repos" from vault: no secret "helm/repos" not found in vault
Read credentials for http://chartmuseum.jenkins-x.io from vault helm/repos
Successfully added Helm repository chartmuseum.jenkins-x.io.
